<?xml version="1.0" encoding="UTF-8"?>
<!-- Generated by org.testng.reporters.JUnitXMLReporter -->
<testsuite ignored="3" hostname="qb-tp3-2377" failures="0" tests="1" name="Default test" time="16.913" errors="0" timestamp="2025-07-31T21:16:48 IST">
  <testcase classname="testClasses.UserManagementTest" name="verify_create_a_new_user_and_search" time="14.279"/>
  <testcase classname="testClasses.UserManagementTest" name="verify_the_options_inside_action_button" time="0.0">
    <ignored/>
  </testcase> <!-- verify_the_options_inside_action_button -->
  <testcase classname="testClasses.UserManagementTest" name="verify_user_management_menu_redirection" time="0.0">
    <ignored/>
  </testcase> <!-- verify_user_management_menu_redirection -->
  <testcase classname="testClasses.UserManagementTest" name="verify_add_and_search_from_paginated_table" time="0.0">
    <ignored/>
  </testcase> <!-- verify_add_and_search_from_paginated_table -->
</testsuite> <!-- Default test -->
