<?xml version="1.0" encoding="UTF-8"?>
<!-- Generated by org.testng.reporters.JUnitXMLReporter -->
<testsuite ignored="2" hostname="qb-tp3-2377" failures="0" tests="1" name="Default test" time="7.943" errors="0" timestamp="2025-07-23T21:53:31 IST">
  <testcase classname="baseClass.LoginTest" name="verify_UserNameTextBox_Showing_Hint_or_not" time="0.056"/>
  <testcase classname="baseClass.LoginTest" name="verify_valid_login" time="0.0">
    <ignored/>
  </testcase> <!-- verify_valid_login -->
  <testcase classname="baseClass.LoginTest" name="verify_invalid_login" time="0.0">
    <ignored/>
  </testcase> <!-- verify_invalid_login -->
</testsuite> <!-- Default test -->
