<?xml version="1.0" encoding="UTF-8"?>
<testng-results ignored="0" total="1" passed="1" failed="0" skipped="0">
  <reporter-output>
  </reporter-output>
  <suite started-at="2025-07-23T21:53:23 IST" name="Default suite" finished-at="2025-07-23T21:53:31 IST" duration-ms="7943">
    <groups>
    </groups>
    <test started-at="2025-07-23T21:53:23 IST" name="Default test" finished-at="2025-07-23T21:53:31 IST" duration-ms="7943">
      <class name="baseClass.LoginTest">
        <test-method is-config="true" signature="beforeMethod()[pri:0, instance:baseClass.LoginTest@4efbca5a]" started-at="2025-07-23T21:53:23 IST" name="beforeMethod" finished-at="2025-07-23T21:53:31 IST" duration-ms="7761" status="PASS">
          <reporter-output>
          </reporter-output>
        </test-method> <!-- beforeMethod -->
        <test-method signature="verify_UserNameTextBox_Showing_Hint_or_not()[pri:0, instance:baseClass.LoginTest@4efbca5a]" started-at="2025-07-23T21:53:31 IST" name="verify_UserNameTextBox_Showing_Hint_or_not" finished-at="2025-07-23T21:53:31 IST" duration-ms="56" status="PASS">
          <reporter-output>
          </reporter-output>
        </test-method> <!-- verify_UserNameTextBox_Showing_Hint_or_not -->
        <test-method is-config="true" signature="afterMethod()[pri:0, instance:baseClass.LoginTest@4efbca5a]" started-at="2025-07-23T21:53:31 IST" name="afterMethod" finished-at="2025-07-23T21:53:31 IST" duration-ms="87" status="PASS">
          <reporter-output>
          </reporter-output>
        </test-method> <!-- afterMethod -->
      </class> <!-- baseClass.LoginTest -->
    </test> <!-- Default test -->
  </suite> <!-- Default suite -->
</testng-results>
