<?xml version="1.0" encoding="UTF-8"?>
<testng-results ignored="0" total="1" passed="1" failed="0" skipped="0">
  <reporter-output>
  </reporter-output>
  <suite started-at="2025-07-29T14:16:52 IST" name="Default suite" finished-at="2025-07-29T14:17:09 IST" duration-ms="17624">
    <groups>
    </groups>
    <test started-at="2025-07-29T14:16:52 IST" name="Default test" finished-at="2025-07-29T14:17:09 IST" duration-ms="17624">
      <class name="testClasses.UserManagementTest">
        <test-method is-config="true" signature="beforeMethod()[pri:0, instance:testClasses.UserManagementTest@59662a0b]" started-at="2025-07-29T14:16:52 IST" name="beforeMethod" finished-at="2025-07-29T14:16:56 IST" duration-ms="4483" status="PASS">
          <reporter-output>
          </reporter-output>
        </test-method> <!-- beforeMethod -->
        <test-method signature="verify_add_and_search_user()[pri:0, instance:testClasses.UserManagementTest@59662a0b]" started-at="2025-07-29T14:16:56 IST" name="verify_add_and_search_user" finished-at="2025-07-29T14:17:09 IST" duration-ms="12999" status="PASS">
          <reporter-output>
          </reporter-output>
        </test-method> <!-- verify_add_and_search_user -->
        <test-method is-config="true" signature="afterMethod()[pri:0, instance:testClasses.UserManagementTest@59662a0b]" started-at="2025-07-29T14:17:09 IST" name="afterMethod" finished-at="2025-07-29T14:17:09 IST" duration-ms="98" status="PASS">
          <reporter-output>
          </reporter-output>
        </test-method> <!-- afterMethod -->
      </class> <!-- testClasses.UserManagementTest -->
    </test> <!-- Default test -->
  </suite> <!-- Default suite -->
</testng-results>
