<?xml version="1.0" encoding="UTF-8"?>
<testng-results ignored="0" total="1" passed="1" failed="0" skipped="0">
  <reporter-output>
  </reporter-output>
  <suite started-at="2025-07-24T21:02:51 IST" name="Default suite" finished-at="2025-07-24T21:02:59 IST" duration-ms="7762">
    <groups>
    </groups>
    <test started-at="2025-07-24T21:02:51 IST" name="Default test" finished-at="2025-07-24T21:02:59 IST" duration-ms="7762">
      <class name="testClasses.HomeTest">
        <test-method is-config="true" signature="beforeMethod()[pri:0, instance:testClasses.HomeTest@4efbca5a]" started-at="2025-07-24T21:02:51 IST" name="beforeMethod" finished-at="2025-07-24T21:02:55 IST" duration-ms="3539" status="PASS">
          <reporter-output>
          </reporter-output>
        </test-method> <!-- beforeMethod -->
        <test-method signature="verify_tooltip_of_calculator_icon()[pri:0, instance:testClasses.HomeTest@4efbca5a]" started-at="2025-07-24T21:02:55 IST" name="verify_tooltip_of_calculator_icon" finished-at="2025-07-24T21:02:59 IST" duration-ms="4089" status="PASS">
          <reporter-output>
          </reporter-output>
        </test-method> <!-- verify_tooltip_of_calculator_icon -->
        <test-method is-config="true" signature="afterMethod()[pri:0, instance:testClasses.HomeTest@4efbca5a]" started-at="2025-07-24T21:02:59 IST" name="afterMethod" finished-at="2025-07-24T21:02:59 IST" duration-ms="91" status="PASS">
          <reporter-output>
          </reporter-output>
        </test-method> <!-- afterMethod -->
      </class> <!-- testClasses.HomeTest -->
    </test> <!-- Default test -->
  </suite> <!-- Default suite -->
</testng-results>
