<?xml version="1.0" encoding="UTF-8"?>
<testng-results ignored="0" total="1" passed="1" failed="0" skipped="0">
  <reporter-output>
  </reporter-output>
  <suite started-at="2025-07-24T13:42:29 IST" name="Default suite" finished-at="2025-07-24T13:42:40 IST" duration-ms="10500">
    <groups>
    </groups>
    <test started-at="2025-07-24T13:42:29 IST" name="Default test" finished-at="2025-07-24T13:42:40 IST" duration-ms="10500">
      <class name="baseClass.LoginTest">
        <test-method is-config="true" signature="beforeMethod()[pri:0, instance:baseClass.LoginTest@77fbd92c]" started-at="2025-07-24T13:42:29 IST" name="beforeMethod" finished-at="2025-07-24T13:42:38 IST" duration-ms="8804" status="PASS">
          <reporter-output>
          </reporter-output>
        </test-method> <!-- beforeMethod -->
        <test-method signature="verify_the_reset_password_page_is_redirecting_while_clicking_on_Forgot_your_password()[pri:0, instance:baseClass.LoginTest@77fbd92c]" started-at="2025-07-24T13:42:38 IST" name="verify_the_reset_password_page_is_redirecting_while_clicking_on_Forgot_your_password" finished-at="2025-07-24T13:42:39 IST" duration-ms="790" status="PASS">
          <reporter-output>
          </reporter-output>
        </test-method> <!-- verify_the_reset_password_page_is_redirecting_while_clicking_on_Forgot_your_password -->
        <test-method is-config="true" signature="afterMethod()[pri:0, instance:baseClass.LoginTest@77fbd92c]" started-at="2025-07-24T13:42:39 IST" name="afterMethod" finished-at="2025-07-24T13:42:40 IST" duration-ms="870" status="PASS">
          <reporter-output>
          </reporter-output>
        </test-method> <!-- afterMethod -->
      </class> <!-- baseClass.LoginTest -->
    </test> <!-- Default test -->
  </suite> <!-- Default suite -->
</testng-results>
