<?xml version="1.0" encoding="UTF-8"?>
<testng-results ignored="0" total="2" passed="2" failed="0" skipped="0">
  <reporter-output>
  </reporter-output>
  <suite started-at="2025-08-06T22:17:56 IST" name="groupingSuite" finished-at="2025-08-06T22:18:01 IST" duration-ms="4702">
    <groups>
      <group name="group2">
        <method signature="LoginTest.verify_the_RememberMe_checkbox_is_unchecked_by_default()[pri:0, instance:testClasses.LoginTest@4c371370]" name="verify_the_RememberMe_checkbox_is_unchecked_by_default" class="testClasses.LoginTest"/>
        <method signature="LoginTest.verify_the_reset_password_page_is_redirecting_while_clicking_on_Forgot_your_password()[pri:0, instance:testClasses.LoginTest@4c371370]" name="verify_the_reset_password_page_is_redirecting_while_clicking_on_Forgot_your_password" class="testClasses.LoginTest"/>
      </group> <!-- group2 -->
    </groups>
    <test started-at="2025-08-06T22:17:56 IST" name="Test" finished-at="2025-08-06T22:18:01 IST" duration-ms="4702">
      <class name="testClasses.LoginTest">
        <test-method is-config="true" signature="beforeMethod(java.lang.String)[pri:0, instance:testClasses.LoginTest@4c371370]" started-at="2025-08-06T22:17:56 IST" name="beforeMethod" finished-at="2025-08-06T22:17:58 IST" duration-ms="2511" status="PASS">
          <params>
            <param index="0">
              <value>
                <![CDATA[Chrome]]>
              </value>
            </param>
          </params>
          <reporter-output>
          </reporter-output>
        </test-method> <!-- beforeMethod -->
        <test-method signature="verify_the_RememberMe_checkbox_is_unchecked_by_default()[pri:0, instance:testClasses.LoginTest@4c371370]" started-at="2025-08-06T22:17:58 IST" name="verify_the_RememberMe_checkbox_is_unchecked_by_default" finished-at="2025-08-06T22:17:58 IST" duration-ms="49" status="PASS">
          <reporter-output>
          </reporter-output>
        </test-method> <!-- verify_the_RememberMe_checkbox_is_unchecked_by_default -->
        <test-method is-config="true" signature="beforeMethod(java.lang.String)[pri:0, instance:testClasses.LoginTest@4c371370]" started-at="2025-08-06T22:17:58 IST" name="beforeMethod" finished-at="2025-08-06T22:18:00 IST" duration-ms="1665" status="PASS">
          <params>
            <param index="0">
              <value>
                <![CDATA[Chrome]]>
              </value>
            </param>
          </params>
          <reporter-output>
          </reporter-output>
        </test-method> <!-- beforeMethod -->
        <test-method signature="verify_the_reset_password_page_is_redirecting_while_clicking_on_Forgot_your_password()[pri:0, instance:testClasses.LoginTest@4c371370]" started-at="2025-08-06T22:18:00 IST" name="verify_the_reset_password_page_is_redirecting_while_clicking_on_Forgot_your_password" finished-at="2025-08-06T22:18:01 IST" duration-ms="430" status="PASS">
          <reporter-output>
          </reporter-output>
        </test-method> <!-- verify_the_reset_password_page_is_redirecting_while_clicking_on_Forgot_your_password -->
      </class> <!-- testClasses.LoginTest -->
    </test> <!-- Test -->
  </suite> <!-- groupingSuite -->
</testng-results>
