<?xml version="1.0" encoding="UTF-8"?>
<testng-results ignored="0" total="1" passed="1" failed="0" skipped="0">
  <reporter-output>
  </reporter-output>
  <suite started-at="2025-07-30T13:59:33 IST" name="Default suite" finished-at="2025-07-30T13:59:43 IST" duration-ms="10002">
    <groups>
    </groups>
    <test started-at="2025-07-30T13:59:33 IST" name="Default test" finished-at="2025-07-30T13:59:43 IST" duration-ms="10002">
      <class name="testClasses.ListPurchaseTest">
        <test-method is-config="true" signature="beforeMethod()[pri:0, instance:testClasses.ListPurchaseTest@1b7cc17c]" started-at="2025-07-30T13:59:33 IST" name="beforeMethod" finished-at="2025-07-30T13:59:35 IST" duration-ms="2373" status="PASS">
          <reporter-output>
          </reporter-output>
        </test-method> <!-- beforeMethod -->
        <test-method signature="verify_list_purchase_page_navigation()[pri:0, instance:testClasses.ListPurchaseTest@1b7cc17c]" started-at="2025-07-30T13:59:35 IST" name="verify_list_purchase_page_navigation" finished-at="2025-07-30T13:59:43 IST" duration-ms="7500" status="PASS">
          <reporter-output>
          </reporter-output>
        </test-method> <!-- verify_list_purchase_page_navigation -->
        <test-method is-config="true" signature="afterMethod()[pri:0, instance:testClasses.ListPurchaseTest@1b7cc17c]" started-at="2025-07-30T13:59:43 IST" name="afterMethod" finished-at="2025-07-30T13:59:43 IST" duration-ms="84" status="PASS">
          <reporter-output>
          </reporter-output>
        </test-method> <!-- afterMethod -->
      </class> <!-- testClasses.ListPurchaseTest -->
    </test> <!-- Default test -->
  </suite> <!-- Default suite -->
</testng-results>
